<?xml version="1.0" encoding="UTF-8"?><model><assignment language="ConDec" name="new model"><activitydefinitions><activity id="1" name="a-complete"/><activity id="2" name="b-complete"/></activitydefinitions><constraintdefinitions><constraint id="1" mandatory="true"><condition></condition><name>precedence</name><template><description>&lt;b&gt;b-complete&lt;/b&gt; has to be preceded by &lt;b&gt;a-complete&lt;/b&gt;. &lt;b&gt;b-complete&lt;/b&gt; can happen only after &lt;b&gt;a-complete&lt;/b&gt; had happened.</description><display>precedence</display><name>precedence</name><text> ( ! ("B" ) U "A" ) \/ ([](!("B"))) /\  (  ! ("B" ) \/ (!(X("A")) /\ !(X(!("A"))) ) ))</text><parameters><parameter branchable="true" id="1" name="A"><graphical><style number="1"/><begin fill="true" style="0"/><middle fill="false" style="0"/><end fill="false" style="0"/></graphical></parameter><parameter branchable="true" id="2" name="B"><graphical><style number="1"/><begin fill="true" style="10"/><middle fill="false" style="0"/><end fill="false" style="0"/></graphical></parameter></parameters><statemessages><message state="VIOLATED_TEMPORARY">&lt;html&gt;This should never happen!&lt;/html&gt;</message><message state="SATISFIED">&lt;html&gt;This constraint is satisfied because either: 
&lt;ul&gt;
&lt;li&gt;task &amp;quot;B&amp;quot; was never executed, or&lt;/li&gt;
&lt;li&gt;first task &amp;quot;A&amp;quot; was executed, and then task &amp;quot;B&amp;quot; was executed. &lt;/li&gt;
&lt;/ul&gt;&lt;/html&gt;</message><message state="VIOLATED">&lt;html&gt;This constraint is violated because task &amp;quot;B&amp;quot; was executed before task &amp;quot;A&amp;quot;.&lt;/html&gt;</message></statemessages></template><constraintparameters><parameter templateparameter="1"><branches><branch name="a-complete"/></branches></parameter><parameter templateparameter="2"><branches><branch name="b-complete"/></branches></parameter></constraintparameters></constraint></constraintdefinitions><graphical><activities><cell height="30.0" id="1" width="95.0" x="0.0" y="0.28302829150355535"/><cell height="30.0" id="2" width="95.0" x="148.2406522915212" y="0.0"/></activities><constraints><cell height="1.0" id="1" width="1.0" x="121.79121659018412" y="7.266561699097181"/></constraints></graphical></assignment></model>