<?xml version="1.0" encoding="UTF-8" standalone="no"?><model><assignment language="ConDec" name="Process model discovered out of test-Janus-vs-MINERfulVChk-vacuity.xes"><activitydefinitions><activity id="65" name="a"/><activity id="66" name="b"/><activity id="67" name="c"/><activity id="68" name="d"/><activity id="69" name="e"/><activity id="70" name="f"/></activitydefinitions><constraintdefinitions><constraint id="1" mandatory="true"><condition/><name>precedence</name><template><description>&lt;b&gt;b&lt;/b&gt; has to be preceded by &lt;b&gt;a&lt;/b&gt;. &lt;b&gt;b&lt;/b&gt; can happen only after &lt;b&gt;a&lt;/b&gt; had happened.</description><display>precedence</display><name>precedence</name><text> ( ! ("B" ) U "A" ) \/ ([](!("B"))) /\  ! ("B" );support;0.231000;confidence;1.000000;IF;1.000000</text><parameters><parameter branchable="true" id="1" name="A"><graphical><style number="1"/><begin fill="true" style="0"/><middle fill="false" style="0"/><end fill="false" style="0"/></graphical></parameter><parameter branchable="true" id="2" name="B"><graphical><style number="1"/><begin fill="true" style="10"/><middle fill="false" style="0"/><end fill="false" style="0"/></graphical></parameter></parameters><statemessages><message state="SATISFIED">&lt;html&gt;This constraint is satisfied because either: 
&lt;ul&gt;
&lt;li&gt;task &amp;quot;B&amp;quot; was never executed, or&lt;/li&gt;
&lt;li&gt;first task &amp;quot;A&amp;quot; was executed, and then task &amp;quot;B&amp;quot; was executed. &lt;/li&gt;
&lt;/ul&gt;&lt;/html&gt;</message><message state="VIOLATED_TEMPORARY">&lt;html&gt;This should never happen!&lt;/html&gt;</message><message state="VIOLATED">&lt;html&gt;This constraint is violated because task &amp;quot;B&amp;quot; was executed before task &amp;quot;A&amp;quot;.&lt;/html&gt;</message></statemessages></template><constraintparameters><parameter templateparameter="1"><branches><branch name="a"/></branches></parameter><parameter templateparameter="2"><branches><branch name="b"/></branches></parameter></constraintparameters></constraint><constraint id="2" mandatory="true"><condition/><name>responded existence</name><template><description>If A happen (at least once) then B has to have (at least once) happpend before of has to happen after A. </description><display>responded existence</display><name>responded existence</name><text>( &lt;&gt;("A") -&gt; &lt;&gt;( "B" ) );support;0.231000;confidence;1.000000;IF;1.000000</text><parameters><parameter branchable="true" id="1" name="A"><graphical><style number="1"/><begin fill="true" style="5"/><middle fill="false" style="0"/><end fill="false" style="0"/></graphical></parameter><parameter branchable="true" id="2" name="B"><graphical><style number="1"/><begin fill="false" style="0"/><middle fill="false" style="0"/><end fill="false" style="0"/></graphical></parameter></parameters><statemessages><message state="SATISFIED">SATISFIED undefined</message><message state="VIOLATED_TEMPORARY">VIOLATED_TEMPORARY undefined</message><message state="VIOLATED">VIOLATED undefined</message></statemessages></template><constraintparameters><parameter templateparameter="1"><branches><branch name="b"/></branches></parameter><parameter templateparameter="2"><branches><branch name="a"/></branches></parameter></constraintparameters></constraint></constraintdefinitions><graphical><activities><cell height="50.0" id="65" width="90.0" x="77.15346042815469" y="0.0"/><cell height="50.0" id="66" width="90.0" x="0.0" y="114.40987644749467"/><cell height="50.0" id="67" width="90.0" x="10.0" y="10.0"/><cell height="50.0" id="68" width="90.0" x="10.0" y="10.0"/><cell height="50.0" id="69" width="90.0" x="10.0" y="10.0"/><cell height="50.0" id="70" width="90.0" x="10.0" y="10.0"/></activities><constraints><cell height="1.0" id="1" width="1.0" x="123.6472900655637" y="125.53914650694162"/><cell height="1.0" id="2" width="1.0" x="44.143598646486986" y="26.47051539833229"/></constraints></graphical></assignment></model>