<?xml version="1.0" encoding="UTF-8" standalone="no"?><model><assignment language="ConDec" name="Process model discovered out of test-Janus-vs-MINERful-longTracesBias.xes"><activitydefinitions><activity id="65" name="a"/><activity id="66" name="b"/></activitydefinitions><constraintdefinitions><constraint id="1" mandatory="true"><condition/><name>init</name><template><description>Each instance has to start with execution of &lt;b&gt;a&lt;/b&gt;.</description><display>init</display><name>init</name><text>( ( "A.started" \/ "A.cancelled" ) W  "A" );support;1.000000;confidence;1.000000;IF;1.000000</text><parameters><parameter branchable="false" id="1" name="A"><graphical><style number="1"/><begin fill="false" style="0"/><middle fill="false" style="0"/><end fill="false" style="0"/></graphical></parameter></parameters><statemessages><message state="SATISFIED">&lt;html&gt;This constraint is satisfied because either:
&lt;ul&gt;
&lt;li&gt;none of the tasks in this instance were executed yet, or&lt;/li&gt;
&lt;li&gt;the first executed task is &amp;quot;A&amp;quot;.&lt;/li&gt;
&lt;/ul&gt;&lt;/html&gt;</message><message state="VIOLATED_TEMPORARY">&lt;html&gt;This should never happen!&lt;/html&gt;</message><message state="VIOLATED">&lt;html&gt;This constraint is violated because the first executed task 
in this instance was not "A".  &lt;/html&gt;</message></statemessages></template><constraintparameters><parameter templateparameter="1"><branches><branch name="a"/></branches></parameter></constraintparameters></constraint><constraint id="2" mandatory="true"><condition/><name>response</name><template><description>Whenever activity &lt;b&gt;a&lt;/b&gt; is executed, activity &lt;b&gt;b&lt;/b&gt; has to be eventually executed afterwards.</description><display>response</display><name>response</name><text>[]( ( "A" -&gt; &lt;&gt;( "B" ) ) );support;0.968966;confidence;0.968966;IF;0.096897</text><parameters><parameter branchable="true" id="1" name="A"><graphical><style number="1"/><begin fill="true" style="5"/><middle fill="false" style="0"/><end fill="false" style="0"/></graphical></parameter><parameter branchable="true" id="2" name="B"><graphical><style number="1"/><begin fill="true" style="2"/><middle fill="false" style="0"/><end fill="false" style="0"/></graphical></parameter></parameters><statemessages><message state="SATISFIED">&lt;html&gt;&lt;p&gt; There are  two options when this constraint is satisfied:&lt;/p&gt;
&lt;ul&gt;
&lt;li&gt;Either task &amp;quot;A&amp;quot; has not been executed yet, or&lt;/li&gt;
&lt;li&gt;Task &amp;quot;A&amp;quot; has been executed, and task &amp;quot;B&amp;quot; has been executed at least once after task &amp;quot;A&amp;quot;.&lt;/li&gt;
&lt;/ul&gt;&lt;/html&gt;</message><message state="VIOLATED_TEMPORARY">&lt;html&gt;&lt;p&gt;This constraint is temporarily violated because task &amp;quot;A&amp;quot; has been executed, 
and task &amp;quot;B&amp;quot; was not executed after task &amp;quot;A&amp;quot;.&lt;/p&gt;
&lt;p&gt;Execute task &amp;quot;B&amp;quot; at least once to satisfy this constraint. &lt;/p&gt;&lt;/html&gt;</message><message state="VIOLATED">&lt;html&gt;&lt;p&gt;This constraint is (permanently) violated when the instance is closed 
such that task &amp;quot;A&amp;quot; was executed, 
but task &amp;quot;B&amp;quot; was not executed after task &amp;quot;A&amp;quot;.&lt;/p&gt;
&lt;/html&gt;&lt;/html&gt;</message></statemessages></template><constraintparameters><parameter templateparameter="1"><branches><branch name="a"/></branches></parameter><parameter templateparameter="2"><branches><branch name="b"/></branches></parameter></constraintparameters></constraint><constraint id="3" mandatory="true"><condition/><name>not chain succession</name><template><description>A and be can never be executed next to each other where A if executed first and B second.</description><display>not chain succession</display><name>not chain succession</name><text>[]( ( "A" -&gt; X( !( "B" ) ) ) );support;0.993127;confidence;0.099313;IF;0.099313</text><parameters><parameter branchable="false" id="1" name="A"><graphical><style number="3"/><begin fill="true" style="5"/><middle fill="false" style="0"/><end fill="false" style="8"/></graphical></parameter><parameter branchable="false" id="2" name="B"><graphical><style number="3"/><begin fill="true" style="10"/><middle fill="false" style="0"/><end fill="false" style="0"/></graphical></parameter></parameters><statemessages><message state="SATISFIED">SATISFIED undefined</message><message state="VIOLATED_TEMPORARY">VIOLATED_TEMPORARY undefined</message><message state="VIOLATED">VIOLATED undefined</message></statemessages></template><constraintparameters><parameter templateparameter="1"><branches><branch name="a"/></branches></parameter><parameter templateparameter="2"><branches><branch name="b"/></branches></parameter></constraintparameters></constraint><constraint id="4" mandatory="true"><condition/><name>absence2</name><template><description>A can happen at most once.</description><display>0..1</display><name>absence2</name><text>! ( &lt;&gt; ( ( "A" /\ X(&lt;&gt;("A")) ) ) );support;1.000000;confidence;0.100000;IF;0.010000</text><parameters><parameter branchable="false" id="1" name="A"><graphical><style number="1"/><begin fill="false" style="0"/><middle fill="false" style="0"/><end fill="false" style="0"/></graphical></parameter></parameters><statemessages><message state="SATISFIED">SATISFIED undefined</message><message state="VIOLATED_TEMPORARY">VIOLATED_TEMPORARY undefined</message><message state="VIOLATED">VIOLATED undefined</message></statemessages></template><constraintparameters><parameter templateparameter="1"><branches><branch name="b"/></branches></parameter></constraintparameters></constraint><constraint id="5" mandatory="true"><condition/><name>chain precedence</name><template><description>B can be executed only directly after A.</description><display>chain precedence</display><name>chain precedence</name><text>[]( ( X( "B" ) -&gt; "A") )/\  ! ("B" );support;1.000000;confidence;1.000000;IF;0.100000</text><parameters><parameter branchable="true" id="1" name="A"><graphical><style number="3"/><begin fill="false" style="0"/><middle fill="false" style="0"/><end fill="false" style="0"/></graphical></parameter><parameter branchable="true" id="2" name="B"><graphical><style number="3"/><begin fill="true" style="10"/><middle fill="false" style="0"/><end fill="false" style="0"/></graphical></parameter></parameters><statemessages><message state="SATISFIED">SATISFIED undefined</message><message state="VIOLATED_TEMPORARY">VIOLATED_TEMPORARY undefined</message><message state="VIOLATED">VIOLATED undefined</message></statemessages></template><constraintparameters><parameter templateparameter="1"><branches><branch name="a"/></branches></parameter><parameter templateparameter="2"><branches><branch name="b"/></branches></parameter></constraintparameters></constraint><constraint id="6" mandatory="true"><condition/><name>not succession</name><template><description>After A there cannot be eventually a B and Before B there cannot be an A</description><display>not succession</display><name>not succession</name><text>[]( ( "A" -&gt; !( &lt;&gt;( "B" ) ) ) );support;1.000000;confidence;0.100000;IF;0.100000</text><parameters><parameter branchable="false" id="1" name="A"><graphical><style number="1"/><begin fill="true" style="5"/><middle fill="false" style="0"/><end fill="false" style="8"/></graphical></parameter><parameter branchable="false" id="2" name="B"><graphical><style number="1"/><begin fill="true" style="10"/><middle fill="false" style="0"/><end fill="false" style="0"/></graphical></parameter></parameters><statemessages><message state="SATISFIED">SATISFIED undefined</message><message state="VIOLATED_TEMPORARY">VIOLATED_TEMPORARY undefined</message><message state="VIOLATED">VIOLATED undefined</message></statemessages></template><constraintparameters><parameter templateparameter="1"><branches><branch name="b"/></branches></parameter><parameter templateparameter="2"><branches><branch name="a"/></branches></parameter></constraintparameters></constraint></constraintdefinitions><graphical><activities><cell height="50.0" id="65" width="90.0" x="157.10357097016944" y="4.231994373781234"/><cell height="50.0" id="66" width="90.0" x="28.179383256419463" y="4.231994373781234"/></activities><constraints><cell height="1.0" id="2" width="1.0" x="139.4677388826382" y="2.5000000000000018"/><cell height="1.0" id="3" width="1.0" x="94.90662858704894" y="140.75550827694497"/><cell height="1.0" id="5" width="1.0" x="30.77326588058181" y="134.66001089233833"/><cell height="1.0" id="6" width="1.0" x="2.5" y="31.9521899164507"/></constraints></graphical></assignment></model>